<?xml version="1.0" encoding="UTF-8"?>
<!-- Generated by org.testng.reporters.JUnitXMLReporter -->
<testsuite hostname="DESKTOP-CL9VTD9" ignored="0" name="Default test" tests="3" failures="0" timestamp="24 Sep 2020 19:39:52 GMT" time="5.999" errors="0">
  <testcase name="getSuccessValidation" time="4.512" classname="com.testing.booking.SpaceXService"/>
  <testcase name="getResponseValidation" time="0.606" classname="com.testing.booking.SpaceXService"/>
  <testcase name="getIDValidation" time="0.829" classname="com.testing.booking.SpaceXService"/>
</testsuite> <!-- Default test -->
