<?xml version="1.0" encoding="UTF-8"?>
<!-- Generated by org.testng.reporters.JUnitXMLReporter -->
<testsuite hostname="DESKTOP-CL9VTD9" ignored="0" name="Test" tests="7" failures="0" timestamp="24 Sep 2020 19:40:25 GMT" time="21.836" errors="0">
  <testcase name="openWebsite" time="5.301" classname="com.testing.booking.FlightBooking"/>
  <testcase name="getSuccessValidation" time="3.897" classname="com.testing.booking.SpaceXService"/>
  <testcase name="chooseCities" time="1.396" classname="com.testing.booking.FlightBooking"/>
  <testcase name="getResponseValidation" time="0.39" classname="com.testing.booking.SpaceXService"/>
  <testcase name="getIDValidation" time="0.72" classname="com.testing.booking.SpaceXService"/>
  <testcase name="flightSelected" time="0.942" classname="com.testing.booking.FlightBooking"/>
  <testcase name="reservationForm" time="2.564" classname="com.testing.booking.FlightBooking"/>
</testsuite> <!-- Test -->
